<?xml version="1.0" encoding="UTF-8"?>
<!-- Generated by org.testng.reporters.JUnitReportReporter -->
<testsuite hostname="LAPTOP-U6QMR7I9" failures="0" tests="1" name="seleniumTest.TestNG" time="0.004" errors="0" timestamp="2022-09-26T23:39:37 IST" skipped="0">
  <testcase classname="seleniumTest.TestNG" name="a2" time="0.004"/>
  <system-out/>
</testsuite> <!-- seleniumTest.TestNG -->
